<?xml version="1.0" encoding="UTF-8"?>
<!-- Generated by org.testng.reporters.JUnitReportReporter -->
<testsuite hostname="MSI" failures="0" tests="3" name="api.test.StoreTests" time="1.233" errors="0" timestamp="2024-01-08T12:53:53 CST" skipped="0">
  <testcase classname="api.test.StoreTests" name="createOrder" time="0.744"/>
  <system-out/>
  <testcase classname="api.test.StoreTests" name="getOrder" time="0.247"/>
  <system-out/>
  <testcase classname="api.test.StoreTests" name="delelteOrder" time="0.242"/>
  <system-out/>
</testsuite> <!-- api.test.StoreTests -->
