<?xml version="1.0" encoding="UTF-8"?>
<!-- Generated by org.testng.reporters.JUnitReportReporter -->
<testsuite hostname="MSI" failures="0" tests="4" name="api.test.PetTests" time="3.496" errors="0" timestamp="2024-01-08T12:53:53 CST" skipped="0">
  <testcase classname="api.test.PetTests" name="createPet" time="2.397"/>
  <system-out/>
  <testcase classname="api.test.PetTests" name="getPetById" time="0.277"/>
  <system-out/>
  <testcase classname="api.test.PetTests" name="updatePet" time="0.555"/>
  <system-out/>
  <testcase classname="api.test.PetTests" name="deletePetById" time="0.267"/>
  <system-out/>
</testsuite> <!-- api.test.PetTests -->
