<?xml version="1.0" encoding="UTF-8"?>
<!-- Generated by org.testng.reporters.JUnitReportReporter -->
<testsuite hostname="MSI" failures="0" tests="4" name="api.test.UserTests" time="1.328" errors="0" timestamp="2024-01-08T12:53:53 CST" skipped="0">
  <testcase classname="api.test.UserTests" name="createUser" time="0.275"/>
  <system-out/>
  <testcase classname="api.test.UserTests" name="getUserByUserName" time="0.258"/>
  <system-out/>
  <testcase classname="api.test.UserTests" name="updateUserByUserName" time="0.522"/>
  <system-out/>
  <testcase classname="api.test.UserTests" name="deleteUserByUserName" time="0.273"/>
  <system-out/>
</testsuite> <!-- api.test.UserTests -->
